<?xml version="1.0" encoding="UTF-8"?>
<robot generator="Robot 7.2.2 (Python 3.13.2 on win32)" generated="2025-04-28T18:40:38.265606" rpa="false" schemaversion="5">
<suite id="s1" name="BDD" source="C:\Users\vanshraj_singh\PycharmProjects\SeleniumWithRobotFramework_Python\BDDStyle\BDD.robot">
<test id="s1-t1" name="Login With Admin" line="2">
<kw name="Given I am on the login page">
<kw name="Log To Console" owner="BuiltIn">
<arg>I am on the login page</arg>
<doc>Logs the given message to the console.</doc>
<status status="PASS" start="2025-04-28T18:40:38.288074" elapsed="0.000171"/>
</kw>
<status status="PASS" start="2025-04-28T18:40:38.287715" elapsed="0.000628"/>
</kw>
<kw name="When I login with username &quot;admin&quot; and password &quot;admin&quot;" source_name="I login with username &quot;${username}&quot; and password &quot;${password}&quot;">
<kw name="Log To Console" owner="BuiltIn">
<arg>I login with username "${username}" and password "${password}"</arg>
<doc>Logs the given message to the console.</doc>
<status status="PASS" start="2025-04-28T18:40:38.288739" elapsed="0.000174"/>
</kw>
<if>
<branch type="IF" condition="&quot;${username}&quot; == &quot;admin&quot; and &quot;${password}&quot; == &quot;admin&quot;">
<kw name="Log To Console" owner="BuiltIn">
<arg>Login successfully</arg>
<doc>Logs the given message to the console.</doc>
<status status="PASS" start="2025-04-28T18:40:38.289175" elapsed="0.000117"/>
</kw>
<kw name="Set Test Variable" owner="BuiltIn">
<msg time="2025-04-28T18:40:38.289774" level="INFO">${login_status} = True</msg>
<arg>${login_status}</arg>
<arg>True</arg>
<doc>Makes a variable available everywhere within the scope of the current test.</doc>
<status status="PASS" start="2025-04-28T18:40:38.289373" elapsed="0.002026"/>
</kw>
<status status="PASS" start="2025-04-28T18:40:38.288997" elapsed="0.002451"/>
</branch>
<branch type="ELSE">
<kw name="Log To Console" owner="BuiltIn">
<arg>Login failed</arg>
<doc>Logs the given message to the console.</doc>
<status status="NOT RUN" start="2025-04-28T18:40:38.291583" elapsed="0.000040"/>
</kw>
<kw name="Set Test Variable" owner="BuiltIn">
<arg>${login_status}</arg>
<arg>False</arg>
<doc>Makes a variable available everywhere within the scope of the current test.</doc>
<status status="NOT RUN" start="2025-04-28T18:40:38.291695" elapsed="0.000044"/>
</kw>
<status status="NOT RUN" start="2025-04-28T18:40:38.291491" elapsed="0.000281"/>
</branch>
<status status="PASS" start="2025-04-28T18:40:38.288976" elapsed="0.002824"/>
</if>
<status status="PASS" start="2025-04-28T18:40:38.288526" elapsed="0.003314"/>
</kw>
<kw name="Then I should see the welcome page">
<kw name="Log To Console" owner="BuiltIn">
<arg>I should see the welcome page</arg>
<doc>Logs the given message to the console.</doc>
<status status="PASS" start="2025-04-28T18:40:38.292121" elapsed="0.000125"/>
</kw>
<if>
<branch type="IF" condition="&quot;${login_status}&quot; == &quot;True&quot;">
<kw name="Log To Console" owner="BuiltIn">
<arg>Welcome page is displayed</arg>
<doc>Logs the given message to the console.</doc>
<status status="PASS" start="2025-04-28T18:40:38.292454" elapsed="0.000112"/>
</kw>
<status status="PASS" start="2025-04-28T18:40:38.292315" elapsed="0.000290"/>
</branch>
<branch type="ELSE">
<kw name="Log To Console" owner="BuiltIn">
<arg>Welcome page is not displayed</arg>
<doc>Logs the given message to the console.</doc>
<status status="NOT RUN" start="2025-04-28T18:40:38.292703" elapsed="0.000038"/>
</kw>
<kw name="Fail" owner="BuiltIn">
<arg>Welcome page is not displayed</arg>
<doc>Fails the test with the given message and optionally alters its tags.</doc>
<status status="NOT RUN" start="2025-04-28T18:40:38.292808" elapsed="0.000041"/>
</kw>
<status status="NOT RUN" start="2025-04-28T18:40:38.292635" elapsed="0.000244"/>
</branch>
<status status="PASS" start="2025-04-28T18:40:38.292302" elapsed="0.000604"/>
</if>
<status status="PASS" start="2025-04-28T18:40:38.291970" elapsed="0.000964"/>
</kw>
<doc>This test case is to test login with BDD syntax</doc>
<status status="PASS" start="2025-04-28T18:40:38.287231" elapsed="0.005771"/>
</test>
<test id="s1-t2" name="Login With Invalid User" line="8">
<kw name="Given I am on the login page">
<kw name="Log To Console" owner="BuiltIn">
<arg>I am on the login page</arg>
<doc>Logs the given message to the console.</doc>
<status status="PASS" start="2025-04-28T18:40:38.293551" elapsed="0.000412"/>
</kw>
<status status="PASS" start="2025-04-28T18:40:38.293415" elapsed="0.000628"/>
</kw>
<kw name="When I login with username &quot;invalid&quot; and password &quot;invalid&quot;" source_name="I login with username &quot;${username}&quot; and password &quot;${password}&quot;">
<kw name="Log To Console" owner="BuiltIn">
<arg>I login with username "${username}" and password "${password}"</arg>
<doc>Logs the given message to the console.</doc>
<status status="PASS" start="2025-04-28T18:40:38.294365" elapsed="0.000254"/>
</kw>
<if>
<branch type="IF" condition="&quot;${username}&quot; == &quot;admin&quot; and &quot;${password}&quot; == &quot;admin&quot;">
<kw name="Log To Console" owner="BuiltIn">
<arg>Login successfully</arg>
<doc>Logs the given message to the console.</doc>
<status status="NOT RUN" start="2025-04-28T18:40:38.294937" elapsed="0.000050"/>
</kw>
<kw name="Set Test Variable" owner="BuiltIn">
<arg>${login_status}</arg>
<arg>True</arg>
<doc>Makes a variable available everywhere within the scope of the current test.</doc>
<status status="NOT RUN" start="2025-04-28T18:40:38.295067" elapsed="0.000047"/>
</kw>
<status status="NOT RUN" start="2025-04-28T18:40:38.294731" elapsed="0.000422"/>
</branch>
<branch type="ELSE">
<kw name="Log To Console" owner="BuiltIn">
<arg>Login failed</arg>
<doc>Logs the given message to the console.</doc>
<status status="PASS" start="2025-04-28T18:40:38.295267" elapsed="0.000134"/>
</kw>
<kw name="Set Test Variable" owner="BuiltIn">
<msg time="2025-04-28T18:40:38.295960" level="INFO">${login_status} = False</msg>
<arg>${login_status}</arg>
<arg>False</arg>
<doc>Makes a variable available everywhere within the scope of the current test.</doc>
<status status="PASS" start="2025-04-28T18:40:38.295487" elapsed="0.000565"/>
</kw>
<status status="PASS" start="2025-04-28T18:40:38.295189" elapsed="0.000912"/>
</branch>
<status status="PASS" start="2025-04-28T18:40:38.294712" elapsed="0.001424"/>
</if>
<status status="PASS" start="2025-04-28T18:40:38.294190" elapsed="0.001976"/>
</kw>
<kw name="Then I should see the error message">
<kw name="Log To Console" owner="BuiltIn">
<arg>I should see the error message</arg>
<doc>Logs the given message to the console.</doc>
<status status="PASS" start="2025-04-28T18:40:38.296441" elapsed="0.000118"/>
</kw>
<if>
<branch type="IF" condition="&quot;${login_status}&quot; == &quot;False&quot;">
<kw name="Log To Console" owner="BuiltIn">
<arg>Error message is displayed</arg>
<doc>Logs the given message to the console.</doc>
<status status="PASS" start="2025-04-28T18:40:38.296747" elapsed="0.000099"/>
</kw>
<status status="PASS" start="2025-04-28T18:40:38.296619" elapsed="0.000263"/>
</branch>
<branch type="ELSE">
<kw name="Log To Console" owner="BuiltIn">
<arg>Error message is not displayed</arg>
<doc>Logs the given message to the console.</doc>
<status status="NOT RUN" start="2025-04-28T18:40:38.296984" elapsed="0.000042"/>
</kw>
<kw name="Fail" owner="BuiltIn">
<arg>Error message is not displayed</arg>
<doc>Fails the test with the given message and optionally alters its tags.</doc>
<status status="NOT RUN" start="2025-04-28T18:40:38.297085" elapsed="0.000038"/>
</kw>
<status status="NOT RUN" start="2025-04-28T18:40:38.296914" elapsed="0.000240"/>
</branch>
<status status="PASS" start="2025-04-28T18:40:38.296607" elapsed="0.000573"/>
</if>
<status status="PASS" start="2025-04-28T18:40:38.296286" elapsed="0.000921"/>
</kw>
<kw name="And I should be able to login again">
<kw name="Log To Console" owner="BuiltIn">
<arg>I should be able to login again</arg>
<doc>Logs the given message to the console.</doc>
<status status="PASS" start="2025-04-28T18:40:38.297423" elapsed="0.000114"/>
</kw>
<kw name="Log To Console" owner="BuiltIn">
<arg>The Login page is displayed</arg>
<doc>Logs the given message to the console.</doc>
<status status="PASS" start="2025-04-28T18:40:38.297747" elapsed="0.000117"/>
</kw>
<status status="PASS" start="2025-04-28T18:40:38.297286" elapsed="0.000629"/>
</kw>
<doc>This test case is to test login with BDD syntax</doc>
<status status="PASS" start="2025-04-28T18:40:38.293150" elapsed="0.004835"/>
</test>
<status status="PASS" start="2025-04-28T18:40:38.274722" elapsed="0.023501"/>
</suite>
<statistics>
<total>
<stat pass="2" fail="0" skip="0">All Tests</stat>
</total>
<tag>
</tag>
<suite>
<stat name="BDD" id="s1" pass="2" fail="0" skip="0">BDD</stat>
</suite>
</statistics>
<errors>
</errors>
</robot>
