<?xml version="1.0" encoding="UTF-8"?>
<robot generator="Robot 7.2.2 (Python 3.13.2 on win32)" generated="2025-04-28T17:05:07.801399" rpa="false" schemaversion="5">
<suite id="s1" name="Suites">
<suite id="s1-s1" name="loginTest" source="C:\Users\vanshraj_singh\PycharmProjects\SeleniumWithRobotFramework_Python\testscases\loginTest.robot">
<kw name="Open Browser" owner="SeleniumLibrary" type="SETUP">
<msg time="2025-04-28T17:05:08.061944" level="INFO">Opening browser 'headlesschrome' to base url 'https://parabank.parasoft.com/'.</msg>
<arg>${BASE_URL}</arg>
<arg>${BROWSER}</arg>
<doc>Opens a new browser instance to the optional ``url``.</doc>
<status status="PASS" start="2025-04-28T17:05:08.061495" elapsed="7.139068"/>
</kw>
<test id="s1-s1-t1" name="Valid Login Test" line="12">
<kw name="Login To Application" owner="LoginKeywords">
<kw name="Enter Username" owner="LoginKeywords">
<kw name="Input Text" owner="SeleniumLibrary">
<msg time="2025-04-28T17:05:15.203892" level="INFO">Typing text 'test_user' into text field 'name:username'.</msg>
<arg>${LOGIN_USERNAME_INPUT}</arg>
<arg>${username}</arg>
<doc>Types the given ``text`` into the text field identified by ``locator``.</doc>
<status status="PASS" start="2025-04-28T17:05:15.202944" elapsed="0.180544"/>
</kw>
<arg>${username}</arg>
<status status="PASS" start="2025-04-28T17:05:15.202371" elapsed="0.181353"/>
</kw>
<kw name="Enter Password" owner="LoginKeywords">
<kw name="Input Text" owner="SeleniumLibrary">
<msg time="2025-04-28T17:05:15.384869" level="INFO">Typing text 'test_password' into text field 'name:password'.</msg>
<arg>${LOGIN_PASSWORD_INPUT}</arg>
<arg>${password}</arg>
<doc>Types the given ``text`` into the text field identified by ``locator``.</doc>
<status status="PASS" start="2025-04-28T17:05:15.384525" elapsed="0.194086"/>
</kw>
<arg>${password}</arg>
<status status="PASS" start="2025-04-28T17:05:15.383984" elapsed="0.194842"/>
</kw>
<kw name="Click Login Button" owner="LoginKeywords">
<kw name="Click Button" owner="SeleniumLibrary">
<msg time="2025-04-28T17:05:15.579901" level="INFO">Clicking button 'xpath://input[@value='Log In']'.</msg>
<arg>${LOGIN_SUBMIT_BUTTON}</arg>
<doc>Clicks the button identified by ``locator``.</doc>
<status status="PASS" start="2025-04-28T17:05:15.579553" elapsed="0.096946"/>
</kw>
<status status="PASS" start="2025-04-28T17:05:15.579079" elapsed="0.097573"/>
</kw>
<arg>${USER_NAME}</arg>
<arg>${PASSWORD}</arg>
<status status="PASS" start="2025-04-28T17:05:15.201741" elapsed="0.474982"/>
</kw>
<kw name="Verify Home Page Loaded" owner="HomeKeywords">
<kw name="Page Should Contain Element" owner="SeleniumLibrary">
<msg time="2025-04-28T17:05:16.339459" level="INFO" html="true">&lt;/td&gt;&lt;/tr&gt;&lt;tr&gt;&lt;td colspan="3"&gt;&lt;a href="selenium-screenshot-1.png"&gt;&lt;img src="selenium-screenshot-1.png" width="800px"&gt;&lt;/a&gt;</msg>
<msg time="2025-04-28T17:05:16.339730" level="FAIL">Page should have contained element 'xpath://div[@class='logo']' but did not.</msg>
<arg>${HOME_LOGO}</arg>
<doc>Verifies that element ``locator`` is found on the current page.</doc>
<status status="FAIL" start="2025-04-28T17:05:15.677369" elapsed="0.666016">Page should have contained element 'xpath://div[@class='logo']' but did not.</status>
</kw>
<kw name="Page Should Contain Element" owner="SeleniumLibrary">
<arg>${HOME_WELCOME_TEXT}</arg>
<doc>Verifies that element ``locator`` is found on the current page.</doc>
<status status="NOT RUN" start="2025-04-28T17:05:16.343810" elapsed="0.000103"/>
</kw>
<kw name="Log" owner="BuiltIn">
<arg>Home page loaded successfully!</arg>
<doc>Logs the given message with the given level.</doc>
<status status="NOT RUN" start="2025-04-28T17:05:16.344054" elapsed="0.000082"/>
</kw>
<status status="FAIL" start="2025-04-28T17:05:15.676997" elapsed="0.667300">Page should have contained element 'xpath://div[@class='logo']' but did not.</status>
</kw>
<status status="FAIL" start="2025-04-28T17:05:15.200884" elapsed="1.143620">Page should have contained element 'xpath://div[@class='logo']' but did not.</status>
</test>
<test id="s1-s1-t2" name="Invalid Login Test" line="20">
<kw name="Login To Application" owner="LoginKeywords">
<kw name="Enter Username" owner="LoginKeywords">
<kw name="Input Text" owner="SeleniumLibrary">
<msg time="2025-04-28T17:05:16.346841" level="INFO">Typing text 'test_user' into text field 'name:username'.</msg>
<arg>${LOGIN_USERNAME_INPUT}</arg>
<arg>${username}</arg>
<doc>Types the given ``text`` into the text field identified by ``locator``.</doc>
<status status="PASS" start="2025-04-28T17:05:16.346557" elapsed="0.136576"/>
</kw>
<arg>${username}</arg>
<status status="PASS" start="2025-04-28T17:05:16.346227" elapsed="0.137052"/>
</kw>
<kw name="Enter Password" owner="LoginKeywords">
<kw name="Input Text" owner="SeleniumLibrary">
<msg time="2025-04-28T17:05:16.484211" level="INFO">Typing text 'test_password' into text field 'name:password'.</msg>
<arg>${LOGIN_PASSWORD_INPUT}</arg>
<arg>${password}</arg>
<doc>Types the given ``text`` into the text field identified by ``locator``.</doc>
<status status="PASS" start="2025-04-28T17:05:16.483892" elapsed="0.111909"/>
</kw>
<arg>${password}</arg>
<status status="PASS" start="2025-04-28T17:05:16.483470" elapsed="0.112452"/>
</kw>
<kw name="Click Login Button" owner="LoginKeywords">
<kw name="Click Button" owner="SeleniumLibrary">
<msg time="2025-04-28T17:05:16.596769" level="INFO">Clicking button 'xpath://input[@value='Log In']'.</msg>
<arg>${LOGIN_SUBMIT_BUTTON}</arg>
<doc>Clicks the button identified by ``locator``.</doc>
<status status="PASS" start="2025-04-28T17:05:16.596486" elapsed="0.521671"/>
</kw>
<status status="PASS" start="2025-04-28T17:05:16.596087" elapsed="0.522310"/>
</kw>
<arg>${USER_NAME}</arg>
<arg>${PASSWORD}</arg>
<status status="PASS" start="2025-04-28T17:05:16.345816" elapsed="0.772668"/>
</kw>
<kw name="Verify login error displayed" owner="HomeKeywords">
<kw name="Page Should Contain" owner="SeleniumLibrary">
<msg time="2025-04-28T17:05:17.166019" level="INFO">Current page contains text 'Error!'.</msg>
<arg>Error!</arg>
<arg>The username and password could not be verified.</arg>
<doc>Verifies that current page contains ``text``.</doc>
<status status="PASS" start="2025-04-28T17:05:17.119586" elapsed="0.046619"/>
</kw>
<kw name="Wait Until Element Is Visible" owner="SeleniumLibrary">
<arg>${login_error}</arg>
<arg>timeout=10s</arg>
<doc>Waits until the element ``locator`` is visible.</doc>
<status status="PASS" start="2025-04-28T17:05:17.166488" elapsed="0.033678"/>
</kw>
<kw name="Page Should Contain Element" owner="SeleniumLibrary">
<msg time="2025-04-28T17:05:17.216272" level="INFO">Current page contains element 'xpath://h1[@class='title']'.</msg>
<arg>${login_error}</arg>
<doc>Verifies that element ``locator`` is found on the current page.</doc>
<status status="PASS" start="2025-04-28T17:05:17.200513" elapsed="0.015941"/>
</kw>
<status status="PASS" start="2025-04-28T17:05:17.118820" elapsed="0.097798"/>
</kw>
<status status="PASS" start="2025-04-28T17:05:16.345360" elapsed="0.871469"/>
</test>
<kw name="Close Browser" owner="SeleniumLibrary" type="TEARDOWN">
<doc>Closes the current browser.</doc>
<status status="PASS" start="2025-04-28T17:05:17.217796" elapsed="2.158346"/>
</kw>
<status status="FAIL" start="2025-04-28T17:05:07.823128" elapsed="11.553251"/>
</suite>
<status status="FAIL" start="2025-04-28T17:05:07.814276" elapsed="11.563757"/>
</suite>
<statistics>
<total>
<stat pass="1" fail="1" skip="0">All Tests</stat>
</total>
<tag>
</tag>
<suite>
<stat name="Suites" id="s1" pass="1" fail="1" skip="0">Suites</stat>
<stat name="loginTest" id="s1-s1" pass="1" fail="1" skip="0">Suites.loginTest</stat>
</suite>
</statistics>
<errors>
</errors>
</robot>
